android/app/build/intermediates/manifest_merge_blame_file/debug/processDebugMainManifest/manifest-merger-blame-debug-report.txt
1<?xml version="1.0" encoding="utf-8"?>
2<manifest xmlns:android="http://schemas.android.com/apk/res/android"
3    package="org.cockroachat.mesh"
4    android:versionCode="1"
5    android:versionName="0.1-debug" >
6
7    <uses-sdk
8        android:minSdkVersion="26"
9        android:targetSdkVersion="35" />
10
11    <!-- BLE on Android 12+ (API 31+). neverForLocation: this mesh must NOT derive location. -->
12    <uses-permission
12-->src/main/AndroidManifest.xml:6:5-9:31
13        android:name="android.permission.BLUETOOTH_SCAN"
13-->src/main/AndroidManifest.xml:7:9-57
14        android:usesPermissionFlags="neverForLocation" />
14-->src/main/AndroidManifest.xml:8:9-55
15    <uses-permission android:name="android.permission.BLUETOOTH_ADVERTISE" />
15-->src/main/AndroidManifest.xml:10:5-12:31
15-->src/main/AndroidManifest.xml:11:9-62
16    <uses-permission android:name="android.permission.BLUETOOTH_CONNECT" />
16-->src/main/AndroidManifest.xml:13:5-15:31
16-->src/main/AndroidManifest.xml:14:9-60
17
18    <!-- BLE on Android 8-11 (API 26-30). -->
19    <uses-permission
19-->src/main/AndroidManifest.xml:18:5-20:38
20        android:name="android.permission.BLUETOOTH"
20-->src/main/AndroidManifest.xml:19:9-52
21        android:maxSdkVersion="30" />
21-->src/main/AndroidManifest.xml:20:9-35
22    <uses-permission
22-->src/main/AndroidManifest.xml:21:5-23:38
23        android:name="android.permission.BLUETOOTH_ADMIN"
23-->src/main/AndroidManifest.xml:22:9-58
24        android:maxSdkVersion="30" />
24-->src/main/AndroidManifest.xml:23:9-35
25    <uses-permission
25-->src/main/AndroidManifest.xml:24:5-26:38
26        android:name="android.permission.ACCESS_FINE_LOCATION"
26-->src/main/AndroidManifest.xml:25:9-63
27        android:maxSdkVersion="30" />
27-->src/main/AndroidManifest.xml:26:9-35
28    <uses-permission android:name="android.permission.POST_NOTIFICATIONS" />
28-->src/main/AndroidManifest.xml:28:5-77
28-->src/main/AndroidManifest.xml:28:22-74
29    <uses-permission android:name="android.permission.FOREGROUND_SERVICE" />
29-->src/main/AndroidManifest.xml:29:5-77
29-->src/main/AndroidManifest.xml:29:22-74
30    <uses-permission android:name="android.permission.FOREGROUND_SERVICE_CONNECTED_DEVICE" />
30-->src/main/AndroidManifest.xml:30:5-94
30-->src/main/AndroidManifest.xml:30:22-91
31
32    <uses-feature
32-->src/main/AndroidManifest.xml:32:5-34:35
33        android:name="android.hardware.bluetooth_le"
33-->src/main/AndroidManifest.xml:33:9-53
34        android:required="true" />
34-->src/main/AndroidManifest.xml:34:9-32
35
36    <permission
36-->[androidx.core:core:1.13.1] AndroidManifest.xml:22:5-24:47
37        android:name="org.cockroachat.mesh.DYNAMIC_RECEIVER_NOT_EXPORTED_PERMISSION"
37-->[androidx.core:core:1.13.1] AndroidManifest.xml:23:9-81
38        android:protectionLevel="signature" />
38-->[androidx.core:core:1.13.1] AndroidManifest.xml:24:9-44
39
40    <uses-permission android:name="org.cockroachat.mesh.DYNAMIC_RECEIVER_NOT_EXPORTED_PERMISSION" />
40-->[androidx.core:core:1.13.1] AndroidManifest.xml:26:5-97
40-->[androidx.core:core:1.13.1] AndroidManifest.xml:26:22-94
41
42    <application
42-->src/main/AndroidManifest.xml:36:5-56:19
43        android:allowBackup="false"
43-->src/main/AndroidManifest.xml:37:9-36
44        android:appComponentFactory="androidx.core.app.CoreComponentFactory"
44-->[androidx.core:core:1.13.1] AndroidManifest.xml:28:18-86
45        android:debuggable="true"
46        android:extractNativeLibs="true"
47        android:icon="@android:drawable/sym_def_app_icon"
47-->src/main/AndroidManifest.xml:38:9-58
48        android:label="@string/app_name"
48-->src/main/AndroidManifest.xml:39:9-41
49        android:supportsRtl="true"
49-->src/main/AndroidManifest.xml:40:9-35
50        android:theme="@style/Theme.Cockroachat" >
50-->src/main/AndroidManifest.xml:41:9-49
51        <activity
51-->src/main/AndroidManifest.xml:43:9-50:20
52            android:name="org.cockroachat.mesh.MainActivity"
52-->src/main/AndroidManifest.xml:44:13-41
53            android:exported="true" >
53-->src/main/AndroidManifest.xml:45:13-36
54            <intent-filter>
54-->src/main/AndroidManifest.xml:46:13-49:29
55                <action android:name="android.intent.action.MAIN" />
55-->src/main/AndroidManifest.xml:47:17-69
55-->src/main/AndroidManifest.xml:47:25-66
56
57                <category android:name="android.intent.category.LAUNCHER" />
57-->src/main/AndroidManifest.xml:48:17-77
57-->src/main/AndroidManifest.xml:48:27-74
58            </intent-filter>
59        </activity>
60
61        <service
61-->src/main/AndroidManifest.xml:52:9-55:63
62            android:name="org.cockroachat.mesh.MeshService"
62-->src/main/AndroidManifest.xml:53:13-40
63            android:exported="false"
63-->src/main/AndroidManifest.xml:54:13-37
64            android:foregroundServiceType="connectedDevice" />
64-->src/main/AndroidManifest.xml:55:13-60
65
66        <provider
66-->[androidx.emoji2:emoji2:1.3.0] AndroidManifest.xml:24:9-32:20
67            android:name="androidx.startup.InitializationProvider"
67-->[androidx.emoji2:emoji2:1.3.0] AndroidManifest.xml:25:13-67
68            android:authorities="org.cockroachat.mesh.androidx-startup"
68-->[androidx.emoji2:emoji2:1.3.0] AndroidManifest.xml:26:13-68
69            android:exported="false" >
69-->[androidx.emoji2:emoji2:1.3.0] AndroidManifest.xml:27:13-37
70            <meta-data
70-->[androidx.emoji2:emoji2:1.3.0] AndroidManifest.xml:29:13-31:52
71                android:name="androidx.emoji2.text.EmojiCompatInitializer"
71-->[androidx.emoji2:emoji2:1.3.0] AndroidManifest.xml:30:17-75
72                android:value="androidx.startup" />
72-->[androidx.emoji2:emoji2:1.3.0] AndroidManifest.xml:31:17-49
73            <meta-data
73-->[androidx.lifecycle:lifecycle-process:2.8.4] AndroidManifest.xml:29:13-31:52
74                android:name="androidx.lifecycle.ProcessLifecycleInitializer"
74-->[androidx.lifecycle:lifecycle-process:2.8.4] AndroidManifest.xml:30:17-78
75                android:value="androidx.startup" />
75-->[androidx.lifecycle:lifecycle-process:2.8.4] AndroidManifest.xml:31:17-49
76            <meta-data
76-->[androidx.profileinstaller:profileinstaller:1.3.1] AndroidManifest.xml:29:13-31:52
77                android:name="androidx.profileinstaller.ProfileInstallerInitializer"
77-->[androidx.profileinstaller:profileinstaller:1.3.1] AndroidManifest.xml:30:17-85
78                android:value="androidx.startup" />
78-->[androidx.profileinstaller:profileinstaller:1.3.1] AndroidManifest.xml:31:17-49
79        </provider>
80
81        <receiver
81-->[androidx.profileinstaller:profileinstaller:1.3.1] AndroidManifest.xml:34:9-52:20
82            android:name="androidx.profileinstaller.ProfileInstallReceiver"
82-->[androidx.profileinstaller:profileinstaller:1.3.1] AndroidManifest.xml:35:13-76
83            android:directBootAware="false"
83-->[androidx.profileinstaller:profileinstaller:1.3.1] AndroidManifest.xml:36:13-44
84            android:enabled="true"
84-->[androidx.profileinstaller:profileinstaller:1.3.1] AndroidManifest.xml:37:13-35
85            android:exported="true"
85-->[androidx.profileinstaller:profileinstaller:1.3.1] AndroidManifest.xml:38:13-36
86            android:permission="android.permission.DUMP" >
86-->[androidx.profileinstaller:profileinstaller:1.3.1] AndroidManifest.xml:39:13-57
87            <intent-filter>
87-->[androidx.profileinstaller:profileinstaller:1.3.1] AndroidManifest.xml:40:13-42:29
88                <action android:name="androidx.profileinstaller.action.INSTALL_PROFILE" />
88-->[androidx.profileinstaller:profileinstaller:1.3.1] AndroidManifest.xml:41:17-91
88-->[androidx.profileinstaller:profileinstaller:1.3.1] AndroidManifest.xml:41:25-88
89            </intent-filter>
90            <intent-filter>
90-->[androidx.profileinstaller:profileinstaller:1.3.1] AndroidManifest.xml:43:13-45:29
91                <action android:name="androidx.profileinstaller.action.SKIP_FILE" />
91-->[androidx.profileinstaller:profileinstaller:1.3.1] AndroidManifest.xml:44:17-85
91-->[androidx.profileinstaller:profileinstaller:1.3.1] AndroidManifest.xml:44:25-82
92            </intent-filter>
93            <intent-filter>
93-->[androidx.profileinstaller:profileinstaller:1.3.1] AndroidManifest.xml:46:13-48:29
94                <action android:name="androidx.profileinstaller.action.SAVE_PROFILE" />
94-->[androidx.profileinstaller:profileinstaller:1.3.1] AndroidManifest.xml:47:17-88
94-->[androidx.profileinstaller:profileinstaller:1.3.1] AndroidManifest.xml:47:25-85
95            </intent-filter>
96            <intent-filter>
96-->[androidx.profileinstaller:profileinstaller:1.3.1] AndroidManifest.xml:49:13-51:29
97                <action android:name="androidx.profileinstaller.action.BENCHMARK_OPERATION" />
97-->[androidx.profileinstaller:profileinstaller:1.3.1] AndroidManifest.xml:50:17-95
97-->[androidx.profileinstaller:profileinstaller:1.3.1] AndroidManifest.xml:50:25-92
98            </intent-filter>
99        </receiver>
100    </application>
101
102</manifest>